10-08-2018 14:21 +03:00: Listening on port 8000
10-08-2018 14:21 +03:00: Listening on port 8000
10-08-2018 14:21 +03:00: Listening on port 8000
10-08-2018 14:21 +03:00: Listening on port 8000
10-08-2018 14:22 +03:00: Listening on port 8000
10-08-2018 14:22 +03:00: Listening on port 8000
10-08-2018 14:22 +03:00: Listening on port 8000
10-08-2018 14:22 +03:00: Listening on port 8000
10-08-2018 14:22 +03:00: [0mGET / [33m404 [0m17.598 ms - 272[0m
10-08-2018 14:22 +03:00: [0mGET /favicon.ico [33m404 [0m4.600 ms - 272[0m
10-08-2018 14:22 +03:00: Listening on port 8000
10-08-2018 14:22 +03:00: Listening on port 8000
10-08-2018 14:22 +03:00: [0mGET / [33m404 [0m9.288 ms - 264[0m
10-08-2018 14:22 +03:00: Listening on port 8000
10-08-2018 14:22 +03:00: Listening on port 8000
10-08-2018 14:22 +03:00: [0mGET / [33m404 [0m11.906 ms - 264[0m
10-08-2018 14:23 +03:00: Listening on port 8000
10-08-2018 14:23 +03:00: Listening on port 8000
10-08-2018 14:23 +03:00: [0mGET / [33m404 [0m14.249 ms - 264[0m
10-08-2018 14:23 +03:00: Listening on port 8000
10-08-2018 14:23 +03:00: Listening on port 8000
10-08-2018 14:23 +03:00: [0mGET / [32m200 [0m5.163 ms - 577[0m
10-08-2018 14:23 +03:00: [0mGET /runtime.js [32m200 [0m5.395 ms - -[0m
10-08-2018 14:23 +03:00: [0mGET /main.js [32m200 [0m4.328 ms - -[0m
10-08-2018 14:23 +03:00: [0mGET /polyfills.js [32m200 [0m6.054 ms - -[0m
10-08-2018 14:23 +03:00: [0mGET /styles.js [32m200 [0m17.672 ms - -[0m
10-08-2018 14:23 +03:00: [0mGET /vendor.js [32m200 [0m20.791 ms - -[0m
10-08-2018 11:40 +00:00: Listening on port 8000
10-08-2018 11:40 +00:00: Listening on port 8000
10-08-2018 11:40 +00:00: Listening on port 8000
10-08-2018 11:40 +00:00: Listening on port 8000
10-08-2018 11:40 +00:00: [0mGET / [32m200 [0m6.549 ms - 577[0m
10-08-2018 11:40 +00:00: [0mGET /runtime.js [32m200 [0m4.961 ms - -[0m
10-08-2018 11:40 +00:00: [0mGET /main.js [32m200 [0m2.068 ms - -[0m
10-08-2018 11:40 +00:00: [0mGET /polyfills.js [32m200 [0m7.659 ms - -[0m
10-08-2018 11:40 +00:00: [0mGET /styles.js [32m200 [0m34.647 ms - -[0m
10-08-2018 11:40 +00:00: [0mGET /vendor.js [32m200 [0m11.385 ms - -[0m
10-08-2018 11:40 +00:00: [0mGET /favicon.ico [32m200 [0m1.597 ms - -[0m
